<?xml version="1.0" encoding="UTF-8"?>
<testsuite xmlns:xsi="http://www.w3.org/2001/XMLSchema-instance" xsi:noNamespaceSchemaLocation="https://maven.apache.org/surefire/maven-surefire-plugin/xsd/surefire-test-report-3.0.xsd" version="3.0" name="runners.SmokeRunner" time="40.932" tests="1" errors="0" skipped="0" failures="0">
  <properties>
[...]
</properties>
  <testcase name="Adding multiple employees using excel file" classname="Add Employee" time="40.208">
    <system-out><![CDATA[
@excel
Scenario: Adding multiple employees using excel file                             # src/test/resources/features/AddEmployee.feature:44
  When user enters valid username and valid password                             # steps.LoginSteps.user_enters_valid_username_and_valid_password()
  And user clicks on login button                                                # steps.LoginSteps.user_clicks_on_login_button()
Test case is passed
  Then user is successfully logged in                                            # steps.LoginSteps.user_is_successfully_logged_in()
  When user clicks on PIM option                                                 # steps.AddEmployeeStep.user_clicks_on_pim_option()
  And user clicks on Add Employee button                                         # steps.AddEmployeeStep.user_clicks_on_add_employee_button()
click taken on save button
click taken on emp list option
I am inside the loop and worried about josh
41570675 rimmakn ms janello
click taken on save button
click taken on emp list option
I am inside the loop and worried about josh
32968556 sholpankm ms dusanno
  When user adds multiple employee from excel using "EmployeeData" and verify it # steps.AddEmployeeStep.user_adds_multiple_employee_from_excel_using_and_verify_it(java.lang.String)

    Embedding Adding multiple employees using excel file [image/png 164159 bytes]

]]></system-out>
    <system-err><![CDATA[SLF4J: No SLF4J providers were found.
SLF4J: Defaulting to no-operation (NOP) logger implementation
SLF4J: See https://www.slf4j.org/codes.html#noProviders for further details.
Starting ChromeDriver 108.0.5359.71 (1e0e3868ee06e91ad636a874420e3ca3ae3756ac-refs/branch-heads/5359@{#1016}) on port 47732
Only local connections are allowed.
Please see https://chromedriver.chromium.org/security-considerations for suggestions on keeping ChromeDriver safe.
ChromeDriver was started successfully.
Dec 16, 2022 1:49:53 PM org.openqa.selenium.remote.ProtocolHandshake createSession
INFO: Detected dialect: W3C
log4j:WARN Continuable parsing error 5 and column 84
log4j:WARN Attribute "xmlns:log4j" with value "https://jakarta.apache.org/log4j/" must have a value of "http://jakarta.apache.org/log4j/".
ERROR StatusLogger Log4j2 could not find a logging implementation. Please add log4j-core to the classpath. Using SimpleLogger to log to the console...
]]></system-err>
  </testcase>
</testsuite>